<?xml version="1.0" encoding="UTF-8"?>
<!-- Generated by org.testng.reporters.JUnitReportReporter -->
<testsuite hostname="tiwieday.local" failures="0" tests="2" name="APITests" time="4.837" errors="0" timestamp="2023-12-10T21:06:25 WIB" skipped="0">
  <testcase classname="APITests" name="test2" time="0.241"/>
  <testcase classname="APITests" name="test1" time="4.596"/>
</testsuite> <!-- APITests -->
